<?xml version="1.0" encoding="UTF-8"?>
<testng-results skipped="0" failed="0" ignored="0" total="1" passed="1">
  <reporter-output>
  </reporter-output>
  <suite name="Default suite" duration-ms="169" started-at="2018-05-11T15:03:28Z" finished-at="2018-05-11T15:03:28Z">
    <groups>
    </groups>
    <test name="Default test" duration-ms="169" started-at="2018-05-11T15:03:28Z" finished-at="2018-05-11T15:03:28Z">
      <class name="HelloWorld">
        <test-method status="PASS" signature="testMethod()[pri:0, instance:HelloWorld@5dfcfece]" name="testMethod" duration-ms="17" started-at="2018-05-11T15:03:28Z" finished-at="2018-05-11T15:03:28Z">
          <reporter-output>
          </reporter-output>
        </test-method> <!-- testMethod -->
      </class> <!-- HelloWorld -->
    </test> <!-- Default test -->
  </suite> <!-- Default suite -->
</testng-results>
